#
# There is insufficient memory for the Java Runtime Environment to continue.
# Native memory allocation (malloc) failed to allocate 1048576 bytes. Error detail: AllocateHeap
# Possible reasons:
#   The system is out of physical RAM or swap space
#   This process is running with CompressedOops enabled, and the Java Heap may be blocking the growth of the native heap
# Possible solutions:
#   Reduce memory load on the system
#   Increase physical memory or swap space
#   Check if swap backing store is full
#   Decrease Java heap size (-Xmx/-Xms)
#   Decrease number of Java threads
#   Decrease Java thread stack sizes (-Xss)
#   Set larger code cache with -XX:ReservedCodeCacheSize=
#   JVM is running with Unscaled Compressed Oops mode in which the Java heap is
#     placed in the first 4GB address space. The Java Heap base address is the
#     maximum limit for the native heap growth. Please use -XX:HeapBaseMinAddress
#     to set the Java Heap base and to place the Java Heap above 4GB virtual address.
# This output file may be truncated or incomplete.
#
#  Out of Memory Error (allocation.cpp:44), pid=5008, tid=3844
#
# JRE version: OpenJDK Runtime Environment (Alibaba Dragonwell Standard Edition)-21.0.9.0.9+10-GA (21.0.9) (build 21.0.9.0.9)
# Java VM: OpenJDK 64-Bit Server VM (Alibaba Dragonwell Standard Edition)-21.0.9.0.9+10-GA (21.0.9.0.9, mixed mode, sharing, tiered, compressed oops, compressed class ptrs, g1 gc, windows-amd64)
# No core dump will be written. Minidumps are not enabled by default on client versions of Windows
#

---------------  S U M M A R Y ------------

Command Line: -Dmaven.multiModuleProjectDirectory=C:\Users\mailt\microservices -Djansi.passthrough=true -Dmaven.home=C:\Program Files\JetBrains\IntelliJ IDEA Community Edition 2024.1\plugins\maven\lib\maven3 -Dclassworlds.conf=C:\Program Files\JetBrains\IntelliJ IDEA Community Edition 2024.1\plugins\maven\lib\maven3\bin\m2.conf -Dmaven.ext.class.path=C:\Program Files\JetBrains\IntelliJ IDEA Community Edition 2024.1\plugins\maven\lib\maven-event-listener.jar -javaagent:C:\Program Files\JetBrains\IntelliJ IDEA Community Edition 2024.1\lib\idea_rt.jar=63692:C:\Program Files\JetBrains\IntelliJ IDEA Community Edition 2024.1\bin -Dfile.encoding=UTF-8 -Dsun.stdout.encoding=UTF-8 -Dsun.stderr.encoding=UTF-8 org.codehaus.classworlds.Launcher -Didea.version=2024.1.7 install

Host: AMD Ryzen 3 7320U with Radeon Graphics         , 8 cores, 5G,  Windows 11 , 64 bit Build 26100 (10.0.26100.7623)
Time: Tue Feb 10 23:35:13 2026 India Standard Time elapsed time: 5.691168 seconds (0d 0h 0m 5s)

---------------  T H R E A D  ---------------

Current thread (0x0000019efed00bb0):  JavaThread "Attach Listener" daemon [_thread_in_vm, id=3844, stack(0x0000007de4c00000,0x0000007de4d00000) (1024K)]

Stack: [0x0000007de4c00000,0x0000007de4d00000]
Native frames: (J=compiled Java code, j=interpreted, Vv=VM code, C=native code)
V  [jvm.dll+0x6d2af9]
V  [jvm.dll+0x8aec61]
V  [jvm.dll+0x8b123e]
V  [jvm.dll+0x8b1923]
V  [jvm.dll+0x281136]
V  [jvm.dll+0xc0347]
V  [jvm.dll+0x6d33a9]
V  [jvm.dll+0x131116]
V  [jvm.dll+0x3f32f6]
V  [jvm.dll+0x8585eb]
V  [jvm.dll+0x6d11bd]
C  [ucrtbase.dll+0x37b0]
C  [KERNEL32.DLL+0x2e8d7]
C  [ntdll.dll+0x8c53c]


---------------  P R O C E S S  ---------------

Threads class SMR info:
_java_thread_list=0x0000019efeeb3700, length=12, elements={
0x0000019ef17c40e0, 0x0000019efecf58b0, 0x0000019efecf7220, 0x0000019efecfd430,
0x0000019efed00bb0, 0x0000019efed01600, 0x0000019efed02200, 0x0000019efed14fb0,
0x0000019efed19f50, 0x0000019efefcfe70, 0x0000019efef10b90, 0x0000019efef13200
}

Java Threads: ( => current thread )
  0x0000019ef17c40e0 JavaThread "main"                              [_thread_in_vm, id=22712, stack(0x0000007de4100000,0x0000007de4200000) (1024K)]
  0x0000019efecf58b0 JavaThread "Reference Handler"          daemon [_thread_blocked, id=14868, stack(0x0000007de4900000,0x0000007de4a00000) (1024K)]
  0x0000019efecf7220 JavaThread "Finalizer"                  daemon [_thread_blocked, id=25176, stack(0x0000007de4a00000,0x0000007de4b00000) (1024K)]
  0x0000019efecfd430 JavaThread "Signal Dispatcher"          daemon [_thread_blocked, id=31264, stack(0x0000007de4b00000,0x0000007de4c00000) (1024K)]
=>0x0000019efed00bb0 JavaThread "Attach Listener"            daemon [_thread_in_vm, id=3844, stack(0x0000007de4c00000,0x0000007de4d00000) (1024K)]
  0x0000019efed01600 JavaThread "Service Thread"             daemon [_thread_blocked, id=20656, stack(0x0000007de4d00000,0x0000007de4e00000) (1024K)]
  0x0000019efed02200 JavaThread "Monitor Deflation Thread"   daemon [_thread_blocked, id=4748, stack(0x0000007de4e00000,0x0000007de4f00000) (1024K)]
  0x0000019efed14fb0 JavaThread "C2 CompilerThread0"         daemon [_thread_blocked, id=26628, stack(0x0000007de4f00000,0x0000007de5000000) (1024K)]
  0x0000019efed19f50 JavaThread "C1 CompilerThread0"         daemon [_thread_blocked, id=8016, stack(0x0000007de5000000,0x0000007de5100000) (1024K)]
  0x0000019efefcfe70 JavaThread "Common-Cleaner"             daemon [_thread_blocked, id=2204, stack(0x0000007de5100000,0x0000007de5200000) (1024K)]
  0x0000019efef10b90 JavaThread "Monitor Ctrl-Break"         daemon [_thread_in_native, id=11792, stack(0x0000007de5200000,0x0000007de5300000) (1024K)]
  0x0000019efef13200 JavaThread "Notification Thread"        daemon [_thread_blocked, id=28860, stack(0x0000007de5300000,0x0000007de5400000) (1024K)]
Total: 12

Other Threads:
  0x0000019efecdac50 VMThread "VM Thread"                           [id=30876, stack(0x0000007de4800000,0x0000007de4900000) (1024K)]
  0x0000019efecc7e20 WatcherThread "VM Periodic Task Thread"        [id=31032, stack(0x0000007de4700000,0x0000007de4800000) (1024K)]
  0x0000019ef3bcfc60 WorkerThread "GC Thread#0"                     [id=11720, stack(0x0000007de4200000,0x0000007de4300000) (1024K)]
  0x0000019ef3be00f0 ConcurrentGCThread "G1 Main Marker"            [id=29616, stack(0x0000007de4300000,0x0000007de4400000) (1024K)]
  0x0000019ef3be0bf0 WorkerThread "G1 Conc#0"                       [id=31216, stack(0x0000007de4400000,0x0000007de4500000) (1024K)]
  0x0000019efeba10b0 ConcurrentGCThread "G1 Refine#0"               [id=14368, stack(0x0000007de4500000,0x0000007de4600000) (1024K)]
  0x0000019efeba1c20 ConcurrentGCThread "G1 Service"                [id=29120, stack(0x0000007de4600000,0x0000007de4700000) (1024K)]
Total: 7

Threads with active compile tasks:
Total: 0

VM state: not at safepoint (normal execution)

VM Mutex/Monitor currently owned by a thread: None

Heap address: 0x00000000a2c00000, size: 1492 MB, Compressed Oops mode: 32-bit

CDS archive(s) mapped at: [0x0000019e91000000-0x0000019e91c80000-0x0000019e91c80000), size 13107200, SharedBaseAddress: 0x0000019e91000000, ArchiveRelocationMode: 1.
Compressed class space mapped at: 0x0000019e92000000-0x0000019ed2000000, reserved size: 1073741824
Narrow klass base: 0x0000019e91000000, Narrow klass shift: 0, Narrow klass range: 0x100000000

GC Precious Log:
 CardTable entry size: 512
 Card Set container configuration: InlinePtr #cards 5 size 8 Array Of Cards #cards 12 size 40 Howl #buckets 4 coarsen threshold 1843 Howl Bitmap #cards 512 size 80 coarsen threshold 460 Card regions per heap region 1 cards per card region 2048
 CPUs: 8 total, 8 available
 Memory: 5965M
 Large Page Support: Disabled
 NUMA Support: Disabled
 Compressed Oops: Enabled (32-bit)
 Heap Region Size: 1M
 Heap Min Capacity: 8M
 Heap Initial Capacity: 94M
 Heap Max Capacity: 1492M
 Pre-touch: Disabled
 Parallel Workers: 8
 Concurrent Workers: 2
 Concurrent Refinement Workers: 8
 Periodic GC: Disabled

Heap:
 garbage-first heap   total 96256K, used 13312K [0x00000000a2c00000, 0x0000000100000000)
  region size 1024K, 14 young (14336K), 0 survivors (0K)
 Metaspace       used 4097K, committed 4224K, reserved 1114112K
  class space    used 403K, committed 448K, reserved 1048576K

Heap Regions: E=young(eden), S=young(survivor), O=old, HS=humongous(starts), HC=humongous(continues), CS=collection set, F=free, TAMS=top-at-mark-start, PB=parsable bottom
|   0|0x00000000a2c00000, 0x00000000a2c00000, 0x00000000a2d00000|  0%| F|  |TAMS 0x00000000a2c00000| PB 0x00000000a2c00000| Untracked 
|   1|0x00000000a2d00000, 0x00000000a2d00000, 0x00000000a2e00000|  0%| F|  |TAMS 0x00000000a2d00000| PB 0x00000000a2d00000| Untracked 
|   2|0x00000000a2e00000, 0x00000000a2e00000, 0x00000000a2f00000|  0%| F|  |TAMS 0x00000000a2e00000| PB 0x00000000a2e00000| Untracked 
|   3|0x00000000a2f00000, 0x00000000a2f00000, 0x00000000a3000000|  0%| F|  |TAMS 0x00000000a2f00000| PB 0x00000000a2f00000| Untracked 
|   4|0x00000000a3000000, 0x00000000a3000000, 0x00000000a3100000|  0%| F|  |TAMS 0x00000000a3000000| PB 0x00000000a3000000| Untracked 
|   5|0x00000000a3100000, 0x00000000a3100000, 0x00000000a3200000|  0%| F|  |TAMS 0x00000000a3100000| PB 0x00000000a3100000| Untracked 
|   6|0x00000000a3200000, 0x00000000a3200000, 0x00000000a3300000|  0%| F|  |TAMS 0x00000000a3200000| PB 0x00000000a3200000| Untracked 
|   7|0x00000000a3300000, 0x00000000a3300000, 0x00000000a3400000|  0%| F|  |TAMS 0x00000000a3300000| PB 0x00000000a3300000| Untracked 
|   8|0x00000000a3400000, 0x00000000a3400000, 0x00000000a3500000|  0%| F|  |TAMS 0x00000000a3400000| PB 0x00000000a3400000| Untracked 
|   9|0x00000000a3500000, 0x00000000a3500000, 0x00000000a3600000|  0%| F|  |TAMS 0x00000000a3500000| PB 0x00000000a3500000| Untracked 
|  10|0x00000000a3600000, 0x00000000a3600000, 0x00000000a3700000|  0%| F|  |TAMS 0x00000000a3600000| PB 0x00000000a3600000| Untracked 
|  11|0x00000000a3700000, 0x00000000a3700000, 0x00000000a3800000|  0%| F|  |TAMS 0x00000000a3700000| PB 0x00000000a3700000| Untracked 
|  12|0x00000000a3800000, 0x00000000a3800000, 0x00000000a3900000|  0%| F|  |TAMS 0x00000000a3800000| PB 0x00000000a3800000| Untracked 
|  13|0x00000000a3900000, 0x00000000a3900000, 0x00000000a3a00000|  0%| F|  |TAMS 0x00000000a3900000| PB 0x00000000a3900000| Untracked 
|  14|0x00000000a3a00000, 0x00000000a3a00000, 0x00000000a3b00000|  0%| F|  |TAMS 0x00000000a3a00000| PB 0x00000000a3a00000| Untracked 
|  15|0x00000000a3b00000, 0x00000000a3b00000, 0x00000000a3c00000|  0%| F|  |TAMS 0x00000000a3b00000| PB 0x00000000a3b00000| Untracked 
|  16|0x00000000a3c00000, 0x00000000a3c00000, 0x00000000a3d00000|  0%| F|  |TAMS 0x00000000a3c00000| PB 0x00000000a3c00000| Untracked 
|  17|0x00000000a3d00000, 0x00000000a3d00000, 0x00000000a3e00000|  0%| F|  |TAMS 0x00000000a3d00000| PB 0x00000000a3d00000| Untracked 
|  18|0x00000000a3e00000, 0x00000000a3e00000, 0x00000000a3f00000|  0%| F|  |TAMS 0x00000000a3e00000| PB 0x00000000a3e00000| Untracked 
|  19|0x00000000a3f00000, 0x00000000a3f00000, 0x00000000a4000000|  0%| F|  |TAMS 0x00000000a3f00000| PB 0x00000000a3f00000| Untracked 
|  20|0x00000000a4000000, 0x00000000a4000000, 0x00000000a4100000|  0%| F|  |TAMS 0x00000000a4000000| PB 0x00000000a4000000| Untracked 
|  21|0x00000000a4100000, 0x00000000a4100000, 0x00000000a4200000|  0%| F|  |TAMS 0x00000000a4100000| PB 0x00000000a4100000| Untracked 
|  22|0x00000000a4200000, 0x00000000a4200000, 0x00000000a4300000|  0%| F|  |TAMS 0x00000000a4200000| PB 0x00000000a4200000| Untracked 
|  23|0x00000000a4300000, 0x00000000a4300000, 0x00000000a4400000|  0%| F|  |TAMS 0x00000000a4300000| PB 0x00000000a4300000| Untracked 
|  24|0x00000000a4400000, 0x00000000a4400000, 0x00000000a4500000|  0%| F|  |TAMS 0x00000000a4400000| PB 0x00000000a4400000| Untracked 
|  25|0x00000000a4500000, 0x00000000a4500000, 0x00000000a4600000|  0%| F|  |TAMS 0x00000000a4500000| PB 0x00000000a4500000| Untracked 
|  26|0x00000000a4600000, 0x00000000a4600000, 0x00000000a4700000|  0%| F|  |TAMS 0x00000000a4600000| PB 0x00000000a4600000| Untracked 
|  27|0x00000000a4700000, 0x00000000a4700000, 0x00000000a4800000|  0%| F|  |TAMS 0x00000000a4700000| PB 0x00000000a4700000| Untracked 
|  28|0x00000000a4800000, 0x00000000a4800000, 0x00000000a4900000|  0%| F|  |TAMS 0x00000000a4800000| PB 0x00000000a4800000| Untracked 
|  29|0x00000000a4900000, 0x00000000a4900000, 0x00000000a4a00000|  0%| F|  |TAMS 0x00000000a4900000| PB 0x00000000a4900000| Untracked 
|  30|0x00000000a4a00000, 0x00000000a4a00000, 0x00000000a4b00000|  0%| F|  |TAMS 0x00000000a4a00000| PB 0x00000000a4a00000| Untracked 
|  31|0x00000000a4b00000, 0x00000000a4b00000, 0x00000000a4c00000|  0%| F|  |TAMS 0x00000000a4b00000| PB 0x00000000a4b00000| Untracked 
|  32|0x00000000a4c00000, 0x00000000a4c00000, 0x00000000a4d00000|  0%| F|  |TAMS 0x00000000a4c00000| PB 0x00000000a4c00000| Untracked 
|  33|0x00000000a4d00000, 0x00000000a4d00000, 0x00000000a4e00000|  0%| F|  |TAMS 0x00000000a4d00000| PB 0x00000000a4d00000| Untracked 
|  34|0x00000000a4e00000, 0x00000000a4e00000, 0x00000000a4f00000|  0%| F|  |TAMS 0x00000000a4e00000| PB 0x00000000a4e00000| Untracked 
|  35|0x00000000a4f00000, 0x00000000a4f00000, 0x00000000a5000000|  0%| F|  |TAMS 0x00000000a4f00000| PB 0x00000000a4f00000| Untracked 
|  36|0x00000000a5000000, 0x00000000a5000000, 0x00000000a5100000|  0%| F|  |TAMS 0x00000000a5000000| PB 0x00000000a5000000| Untracked 
|  37|0x00000000a5100000, 0x00000000a5100000, 0x00000000a5200000|  0%| F|  |TAMS 0x00000000a5100000| PB 0x00000000a5100000| Untracked 
|  38|0x00000000a5200000, 0x00000000a5200000, 0x00000000a5300000|  0%| F|  |TAMS 0x00000000a5200000| PB 0x00000000a5200000| Untracked 
|  39|0x00000000a5300000, 0x00000000a5300000, 0x00000000a5400000|  0%| F|  |TAMS 0x00000000a5300000| PB 0x00000000a5300000| Untracked 
|  40|0x00000000a5400000, 0x00000000a5400000, 0x00000000a5500000|  0%| F|  |TAMS 0x00000000a5400000| PB 0x00000000a5400000| Untracked 
|  41|0x00000000a5500000, 0x00000000a5500000, 0x00000000a5600000|  0%| F|  |TAMS 0x00000000a5500000| PB 0x00000000a5500000| Untracked 
|  42|0x00000000a5600000, 0x00000000a5600000, 0x00000000a5700000|  0%| F|  |TAMS 0x00000000a5600000| PB 0x00000000a5600000| Untracked 
|  43|0x00000000a5700000, 0x00000000a5700000, 0x00000000a5800000|  0%| F|  |TAMS 0x00000000a5700000| PB 0x00000000a5700000| Untracked 
|  44|0x00000000a5800000, 0x00000000a5800000, 0x00000000a5900000|  0%| F|  |TAMS 0x00000000a5800000| PB 0x00000000a5800000| Untracked 
|  45|0x00000000a5900000, 0x00000000a5900000, 0x00000000a5a00000|  0%| F|  |TAMS 0x00000000a5900000| PB 0x00000000a5900000| Untracked 
|  46|0x00000000a5a00000, 0x00000000a5a00000, 0x00000000a5b00000|  0%| F|  |TAMS 0x00000000a5a00000| PB 0x00000000a5a00000| Untracked 
|  47|0x00000000a5b00000, 0x00000000a5b00000, 0x00000000a5c00000|  0%| F|  |TAMS 0x00000000a5b00000| PB 0x00000000a5b00000| Untracked 
|  48|0x00000000a5c00000, 0x00000000a5c00000, 0x00000000a5d00000|  0%| F|  |TAMS 0x00000000a5c00000| PB 0x00000000a5c00000| Untracked 
|  49|0x00000000a5d00000, 0x00000000a5d00000, 0x00000000a5e00000|  0%| F|  |TAMS 0x00000000a5d00000| PB 0x00000000a5d00000| Untracked 
|  50|0x00000000a5e00000, 0x00000000a5e00000, 0x00000000a5f00000|  0%| F|  |TAMS 0x00000000a5e00000| PB 0x00000000a5e00000| Untracked 
|  51|0x00000000a5f00000, 0x00000000a5f00000, 0x00000000a6000000|  0%| F|  |TAMS 0x00000000a5f00000| PB 0x00000000a5f00000| Untracked 
|  52|0x00000000a6000000, 0x00000000a6000000, 0x00000000a6100000|  0%| F|  |TAMS 0x00000000a6000000| PB 0x00000000a6000000| Untracked 
|  53|0x00000000a6100000, 0x00000000a6100000, 0x00000000a6200000|  0%| F|  |TAMS 0x00000000a6100000| PB 0x00000000a6100000| Untracked 
|  54|0x00000000a6200000, 0x00000000a6200000, 0x00000000a6300000|  0%| F|  |TAMS 0x00000000a6200000| PB 0x00000000a6200000| Untracked 
|  55|0x00000000a6300000, 0x00000000a6300000, 0x00000000a6400000|  0%| F|  |TAMS 0x00000000a6300000| PB 0x00000000a6300000| Untracked 
|  56|0x00000000a6400000, 0x00000000a6400000, 0x00000000a6500000|  0%| F|  |TAMS 0x00000000a6400000| PB 0x00000000a6400000| Untracked 
|  57|0x00000000a6500000, 0x00000000a6500000, 0x00000000a6600000|  0%| F|  |TAMS 0x00000000a6500000| PB 0x00000000a6500000| Untracked 
|  58|0x00000000a6600000, 0x00000000a6600000, 0x00000000a6700000|  0%| F|  |TAMS 0x00000000a6600000| PB 0x00000000a6600000| Untracked 
|  59|0x00000000a6700000, 0x00000000a6700000, 0x00000000a6800000|  0%| F|  |TAMS 0x00000000a6700000| PB 0x00000000a6700000| Untracked 
|  60|0x00000000a6800000, 0x00000000a6800000, 0x00000000a6900000|  0%| F|  |TAMS 0x00000000a6800000| PB 0x00000000a6800000| Untracked 
|  61|0x00000000a6900000, 0x00000000a6900000, 0x00000000a6a00000|  0%| F|  |TAMS 0x00000000a6900000| PB 0x00000000a6900000| Untracked 
|  62|0x00000000a6a00000, 0x00000000a6a00000, 0x00000000a6b00000|  0%| F|  |TAMS 0x00000000a6a00000| PB 0x00000000a6a00000| Untracked 
|  63|0x00000000a6b00000, 0x00000000a6b00000, 0x00000000a6c00000|  0%| F|  |TAMS 0x00000000a6b00000| PB 0x00000000a6b00000| Untracked 
|  64|0x00000000a6c00000, 0x00000000a6c00000, 0x00000000a6d00000|  0%| F|  |TAMS 0x00000000a6c00000| PB 0x00000000a6c00000| Untracked 
|  65|0x00000000a6d00000, 0x00000000a6d00000, 0x00000000a6e00000|  0%| F|  |TAMS 0x00000000a6d00000| PB 0x00000000a6d00000| Untracked 
|  66|0x00000000a6e00000, 0x00000000a6e00000, 0x00000000a6f00000|  0%| F|  |TAMS 0x00000000a6e00000| PB 0x00000000a6e00000| Untracked 
|  67|0x00000000a6f00000, 0x00000000a6f00000, 0x00000000a7000000|  0%| F|  |TAMS 0x00000000a6f00000| PB 0x00000000a6f00000| Untracked 
|  68|0x00000000a7000000, 0x00000000a7000000, 0x00000000a7100000|  0%| F|  |TAMS 0x00000000a7000000| PB 0x00000000a7000000| Untracked 
|  69|0x00000000a7100000, 0x00000000a7100000, 0x00000000a7200000|  0%| F|  |TAMS 0x00000000a7100000| PB 0x00000000a7100000| Untracked 
|  70|0x00000000a7200000, 0x00000000a7200000, 0x00000000a7300000|  0%| F|  |TAMS 0x00000000a7200000| PB 0x00000000a7200000| Untracked 
|  71|0x00000000a7300000, 0x00000000a7300000, 0x00000000a7400000|  0%| F|  |TAMS 0x00000000a7300000| PB 0x00000000a7300000| Untracked 
|  72|0x00000000a7400000, 0x00000000a7400000, 0x00000000a7500000|  0%| F|  |TAMS 0x00000000a7400000| PB 0x00000000a7400000| Untracked 
|  73|0x00000000a7500000, 0x00000000a7500000, 0x00000000a7600000|  0%| F|  |TAMS 0x00000000a7500000| PB 0x00000000a7500000| Untracked 
|  74|0x00000000a7600000, 0x00000000a7600000, 0x00000000a7700000|  0%| F|  |TAMS 0x00000000a7600000| PB 0x00000000a7600000| Untracked 
|  75|0x00000000a7700000, 0x00000000a7700000, 0x00000000a7800000|  0%| F|  |TAMS 0x00000000a7700000| PB 0x00000000a7700000| Untracked 
|  76|0x00000000a7800000, 0x00000000a7800000, 0x00000000a7900000|  0%| F|  |TAMS 0x00000000a7800000| PB 0x00000000a7800000| Untracked 
|  77|0x00000000a7900000, 0x00000000a7900000, 0x00000000a7a00000|  0%| F|  |TAMS 0x00000000a7900000| PB 0x00000000a7900000| Untracked 
|  78|0x00000000a7a00000, 0x00000000a7a00000, 0x00000000a7b00000|  0%| F|  |TAMS 0x00000000a7a00000| PB 0x00000000a7a00000| Untracked 
|  79|0x00000000a7b00000, 0x00000000a7b00000, 0x00000000a7c00000|  0%| F|  |TAMS 0x00000000a7b00000| PB 0x00000000a7b00000| Untracked 
|  80|0x00000000a7c00000, 0x00000000a7ceb888, 0x00000000a7d00000| 92%| E|  |TAMS 0x00000000a7c00000| PB 0x00000000a7c00000| Complete 
|  81|0x00000000a7d00000, 0x00000000a7e00000, 0x00000000a7e00000|100%| E|CS|TAMS 0x00000000a7d00000| PB 0x00000000a7d00000| Complete 
|  82|0x00000000a7e00000, 0x00000000a7f00000, 0x00000000a7f00000|100%| E|CS|TAMS 0x00000000a7e00000| PB 0x00000000a7e00000| Complete 
|  83|0x00000000a7f00000, 0x00000000a8000000, 0x00000000a8000000|100%| E|CS|TAMS 0x00000000a7f00000| PB 0x00000000a7f00000| Complete 
|  84|0x00000000a8000000, 0x00000000a8100000, 0x00000000a8100000|100%| E|CS|TAMS 0x00000000a8000000| PB 0x00000000a8000000| Complete 
|  85|0x00000000a8100000, 0x00000000a8200000, 0x00000000a8200000|100%| E|CS|TAMS 0x00000000a8100000| PB 0x00000000a8100000| Complete 
|  86|0x00000000a8200000, 0x00000000a8300000, 0x00000000a8300000|100%| E|CS|TAMS 0x00000000a8200000| PB 0x00000000a8200000| Complete 
|  87|0x00000000a8300000, 0x00000000a8400000, 0x00000000a8400000|100%| E|CS|TAMS 0x00000000a8300000| PB 0x00000000a8300000| Complete 
|  88|0x00000000a8400000, 0x00000000a8500000, 0x00000000a8500000|100%| E|CS|TAMS 0x00000000a8400000| PB 0x00000000a8400000| Complete 
|  89|0x00000000a8500000, 0x00000000a8600000, 0x00000000a8600000|100%| E|CS|TAMS 0x00000000a8500000| PB 0x00000000a8500000| Complete 
|  90|0x00000000a8600000, 0x00000000a8700000, 0x00000000a8700000|100%| E|CS|TAMS 0x00000000a8600000| PB 0x00000000a8600000| Complete 
|  91|0x00000000a8700000, 0x00000000a8800000, 0x00000000a8800000|100%| E|CS|TAMS 0x00000000a8700000| PB 0x00000000a8700000| Complete 
|  92|0x00000000a8800000, 0x00000000a8900000, 0x00000000a8900000|100%| E|CS|TAMS 0x00000000a8800000| PB 0x00000000a8800000| Complete 
|  93|0x00000000a8900000, 0x00000000a8a00000, 0x00000000a8a00000|100%| E|CS|TAMS 0x00000000a8900000| PB 0x00000000a8900000| Complete 

Card table byte_map: [0x0000019efc8b0000,0x0000019efcba0000] _byte_map_base: 0x0000019efc39a000

Marking Bits: (CMBitMap*) 0x0000019ef3bd0360
 Bits: [0x0000019efcba0000, 0x0000019efe2f0000)

Polling page: 0x0000019ef1b20000

Metaspace:

Usage:
  Non-class:      3.64 MB used.
      Class:    409.66 KB used.
       Both:      4.04 MB used.

Virtual space:
  Non-class space:       64.00 MB reserved,       3.69 MB (  6%) committed,  1 nodes.
      Class space:        1.00 GB reserved,     448.00 KB ( <1%) committed,  1 nodes.
             Both:        1.06 GB reserved,       4.12 MB ( <1%) committed. 

Chunk freelists:
   Non-Class:  10.31 MB
       Class:  15.50 MB
        Both:  25.81 MB

MaxMetaspaceSize: unlimited
CompressedClassSpaceSize: 1.00 GB
Initial GC threshold: 21.00 MB
Current GC threshold: 21.00 MB
CDS: on
 - commit_granule_bytes: 65536.
 - commit_granule_words: 8192.
 - virtual_space_node_default_size: 8388608.
 - enlarge_chunks_in_place: 1.
 - use_allocation_guard: 0.


Internal statistics:

num_allocs_failed_limit: 0.
num_arena_births: 46.
num_arena_deaths: 0.
num_vsnodes_births: 2.
num_vsnodes_deaths: 0.
num_space_committed: 66.
num_space_uncommitted: 0.
num_chunks_returned_to_freelist: 0.
num_chunks_taken_from_freelist: 137.
num_chunk_merges: 0.
num_chunk_splits: 93.
num_chunks_enlarged: 74.
num_inconsistent_stats: 0.

CodeHeap 'non-profiled nmethods': size=120000Kb used=312Kb max_used=312Kb free=119687Kb
 bounds [0x0000019e87ad0000, 0x0000019e87d40000, 0x0000019e8f000000]
CodeHeap 'profiled nmethods': size=120000Kb used=1833Kb max_used=1833Kb free=118166Kb
 bounds [0x0000019e80000000, 0x0000019e80270000, 0x0000019e87530000]
CodeHeap 'non-nmethods': size=5760Kb used=1299Kb max_used=1314Kb free=4460Kb
 bounds [0x0000019e87530000, 0x0000019e877a0000, 0x0000019e87ad0000]
CodeCache: size=245760Kb, used=3444Kb, max_used=3459Kb, free=242313Kb
 total_blobs=1450, nmethods=985, adapters=370, full_count=0
Compilation: enabled, stopped_count=0, restarted_count=0

Compilation events (20 events):
Event: 2.625 Thread 0x0000019efed19f50  966   !   3       jdk.internal.misc.ScopedMemoryAccess::getLong (16 bytes)
Event: 2.626 Thread 0x0000019efed19f50 nmethod 966 0x0000019e801ae710 code [0x0000019e801ae900, 0x0000019e801aed58]
Event: 2.626 Thread 0x0000019efed19f50  967   !   3       jdk.internal.misc.ScopedMemoryAccess::getLongInternal (34 bytes)
Event: 2.627 Thread 0x0000019efed19f50 nmethod 967 0x0000019e801aef90 code [0x0000019e801af160, 0x0000019e801af458]
Event: 2.627 Thread 0x0000019efed19f50  968   !   3       java.nio.DirectLongBufferU::put (39 bytes)
Event: 2.628 Thread 0x0000019efed19f50 nmethod 968 0x0000019e801af610 code [0x0000019e801af880, 0x0000019e801b0220]
Event: 2.628 Thread 0x0000019efed19f50  969   !   3       jdk.internal.misc.ScopedMemoryAccess::putLong (21 bytes)
Event: 2.628 Thread 0x0000019efed19f50 nmethod 969 0x0000019e801b0710 code [0x0000019e801b0900, 0x0000019e801b0d98]
Event: 2.634 Thread 0x0000019efed19f50  970       3       java.util.zip.ZipFile$ZipFileInflaterInputStream::<init> (14 bytes)
Event: 2.634 Thread 0x0000019efed19f50 nmethod 970 0x0000019e801b1010 code [0x0000019e801b11c0, 0x0000019e801b1378]
Event: 2.634 Thread 0x0000019efed14fb0  971       4       java.util.concurrent.ConcurrentHashMap::addCount (280 bytes)
Event: 2.638 Thread 0x0000019efed14fb0 nmethod 971 0x0000019e87b1c890 code [0x0000019e87b1ca40, 0x0000019e87b1cc80]
Event: 2.640 Thread 0x0000019efed14fb0  972       4       java.util.concurrent.ConcurrentHashMap::putIfAbsent (8 bytes)
Event: 2.641 Thread 0x0000019efed14fb0 nmethod 972 0x0000019e87b1cf10 code [0x0000019e87b1d0a0, 0x0000019e87b1d158]
Event: 2.642 Thread 0x0000019efed19f50  973       3       java.util.zip.ZipEntry::<init> (84 bytes)
Event: 2.642 Thread 0x0000019efed19f50 nmethod 973 0x0000019e801b1490 code [0x0000019e801b1680, 0x0000019e801b1bf0]
Event: 2.643 Thread 0x0000019efed14fb0  974       4       java.lang.String::startsWith (123 bytes)
Event: 2.646 Thread 0x0000019efed19f50  975       3       java.net.URLStreamHandler::parseURL (1124 bytes)
Event: 2.648 Thread 0x0000019efed14fb0 nmethod 974 0x0000019e87b1d210 code [0x0000019e87b1d3c0, 0x0000019e87b1d6c8]
Event: 3.664 Thread 0x0000019efed14fb0  979       4       java.util.concurrent.ConcurrentHashMap::get (162 bytes)

GC Heap History (0 events):
No events

Dll operation events (12 events):
Event: 0.065 Loaded shared library C:\Users\mailt\.jdks\dragonwell-21.0.9\bin\java.dll
Event: 0.229 Loaded shared library C:\Users\mailt\.jdks\dragonwell-21.0.9\bin\jsvml.dll
Event: 0.316 Loaded shared library C:\Users\mailt\.jdks\dragonwell-21.0.9\bin\zip.dll
Event: 0.326 Loaded shared library C:\Users\mailt\.jdks\dragonwell-21.0.9\bin\instrument.dll
Event: 0.340 Loaded shared library C:\Users\mailt\.jdks\dragonwell-21.0.9\bin\net.dll
Event: 0.350 Loaded shared library C:\Users\mailt\.jdks\dragonwell-21.0.9\bin\nio.dll
Event: 0.358 Loaded shared library C:\Users\mailt\.jdks\dragonwell-21.0.9\bin\zip.dll
Event: 0.392 Loaded shared library C:\Program Files\JetBrains\IntelliJ IDEA Community Edition 2024.1\bin\breakgen64.dll
Event: 0.422 Loaded shared library C:\Users\mailt\.jdks\dragonwell-21.0.9\bin\extnet.dll
Event: 0.740 Loaded shared library C:\Users\mailt\.jdks\dragonwell-21.0.9\bin\jimage.dll
Event: 2.092 Loaded shared library C:\Users\mailt\AppData\Local\Temp\jansi-2.4.0-73f85d9cf71aecd5-jansi.dll
Event: 2.120 Loaded shared library C:\Users\mailt\.jdks\dragonwell-21.0.9\bin\verify.dll

Deoptimization events (20 events):
Event: 2.449 Thread 0x0000019ef17c40e0 Uncommon trap: trap_request=0xffffff45 fr.pc=0x0000019e87b0f70c relative=0x000000000000074c
Event: 2.449 Thread 0x0000019ef17c40e0 Uncommon trap: reason=unstable_if action=reinterpret pc=0x0000019e87b0f70c method=java.util.regex.Matcher.search(I)Z @ 30 c2
Event: 2.449 Thread 0x0000019ef17c40e0 DEOPT PACKING pc=0x0000019e87b0f70c sp=0x0000007de41fded0
Event: 2.449 Thread 0x0000019ef17c40e0 DEOPT UNPACKING pc=0x0000019e87584422 sp=0x0000007de41fdeb0 mode 2
Event: 2.455 Thread 0x0000019ef17c40e0 Uncommon trap: trap_request=0xffffff45 fr.pc=0x0000019e87aec034 relative=0x00000000000004d4
Event: 2.455 Thread 0x0000019ef17c40e0 Uncommon trap: reason=unstable_if action=reinterpret pc=0x0000019e87aec034 method=java.lang.StringLatin1.canEncode(I)Z @ 4 c2
Event: 2.455 Thread 0x0000019ef17c40e0 DEOPT PACKING pc=0x0000019e87aec034 sp=0x0000007de41fe500
Event: 2.455 Thread 0x0000019ef17c40e0 DEOPT UNPACKING pc=0x0000019e87584422 sp=0x0000007de41fe438 mode 2
Event: 2.455 Thread 0x0000019ef17c40e0 Uncommon trap: trap_request=0xffffff45 fr.pc=0x0000019e87aeb508 relative=0x00000000000004a8
Event: 2.455 Thread 0x0000019ef17c40e0 Uncommon trap: reason=unstable_if action=reinterpret pc=0x0000019e87aeb508 method=java.lang.AbstractStringBuilder.isLatin1()Z @ 10 c2
Event: 2.455 Thread 0x0000019ef17c40e0 DEOPT PACKING pc=0x0000019e87aeb508 sp=0x0000007de41fe520
Event: 2.455 Thread 0x0000019ef17c40e0 DEOPT UNPACKING pc=0x0000019e87584422 sp=0x0000007de41fe4b0 mode 2
Event: 2.455 Thread 0x0000019ef17c40e0 Uncommon trap: trap_request=0xffffff45 fr.pc=0x0000019e87aea88c relative=0x000000000000006c
Event: 2.455 Thread 0x0000019ef17c40e0 Uncommon trap: reason=unstable_if action=reinterpret pc=0x0000019e87aea88c method=java.lang.AbstractStringBuilder.isLatin1()Z @ 10 c2
Event: 2.455 Thread 0x0000019ef17c40e0 DEOPT PACKING pc=0x0000019e87aea88c sp=0x0000007de41fe520
Event: 2.455 Thread 0x0000019ef17c40e0 DEOPT UNPACKING pc=0x0000019e87584422 sp=0x0000007de41fe4b0 mode 2
Event: 2.459 Thread 0x0000019ef17c40e0 Uncommon trap: trap_request=0xffffff45 fr.pc=0x0000019e87aedbe8 relative=0x0000000000000048
Event: 2.459 Thread 0x0000019ef17c40e0 Uncommon trap: reason=unstable_if action=reinterpret pc=0x0000019e87aedbe8 method=java.lang.StringLatin1.canEncode(I)Z @ 4 c2
Event: 2.459 Thread 0x0000019ef17c40e0 DEOPT PACKING pc=0x0000019e87aedbe8 sp=0x0000007de41fe4b0
Event: 2.459 Thread 0x0000019ef17c40e0 DEOPT UNPACKING pc=0x0000019e87584422 sp=0x0000007de41fe440 mode 2

Classes loaded (20 events):
Event: 2.415 Loading class sun/net/www/protocol/jrt/Handler
Event: 2.415 Loading class sun/net/www/protocol/jrt/Handler done
Event: 2.452 Loading class sun/text/resources/cldr/FormatData_en
Event: 2.452 Loading class sun/text/resources/cldr/FormatData_en done
Event: 2.453 Loading class sun/text/resources/cldr/FormatData_en_US
Event: 2.453 Loading class sun/text/resources/cldr/FormatData_en_US done
Event: 2.537 Loading class java/lang/ArrayIndexOutOfBoundsException
Event: 2.538 Loading class java/lang/ArrayIndexOutOfBoundsException done
Event: 2.549 Loading class java/io/FilterReader
Event: 2.549 Loading class java/io/FilterReader done
Event: 2.585 Loading class jdk/internal/foreign/MemorySessionImpl
Event: 2.585 Loading class java/lang/foreign/MemorySegment$Scope
Event: 2.586 Loading class java/lang/foreign/MemorySegment$Scope done
Event: 2.586 Loading class jdk/internal/foreign/MemorySessionImpl done
Event: 2.616 Loading class java/io/InvalidObjectException
Event: 2.616 Loading class java/io/ObjectStreamException
Event: 2.617 Loading class java/io/ObjectStreamException done
Event: 2.617 Loading class java/io/InvalidObjectException done
Event: 2.644 Loading class java/util/NoSuchElementException
Event: 2.645 Loading class java/util/NoSuchElementException done

Classes unloaded (0 events):
No events

Classes redefined (0 events):
No events

Internal exceptions (6 events):
Event: 0.373 Thread 0x0000019ef17c40e0 Exception <a 'java/lang/NoSuchMethodError'{0x00000000a8742d58}: 'void java.lang.invoke.DirectMethodHandle$Holder.invokeStatic(java.lang.Object, java.lang.Object, java.lang.Object)'> (0x00000000a8742d58) 
thrown [s\src\hotspot\share\interpreter\linkResolver.cpp, line 773]
Event: 0.381 Thread 0x0000019ef17c40e0 Exception <a 'java/lang/NoSuchMethodError'{0x00000000a875a870}: 'java.lang.Object java.lang.invoke.Invokers$Holder.invokeExact_MT(java.lang.Object, java.lang.Object, java.lang.Object, java.lang.Object, java.lang.Object)'> (0x00000000a875a870) 
thrown [s\src\hotspot\share\interpreter\linkResolver.cpp, line 773]
Event: 0.425 Thread 0x0000019efef10b90 Exception <a 'java/lang/NoSuchMethodError'{0x00000000a87f4840}: 'void java.lang.invoke.DirectMethodHandle$Holder.invokeStatic(java.lang.Object, java.lang.Object)'> (0x00000000a87f4840) 
thrown [s\src\hotspot\share\interpreter\linkResolver.cpp, line 773]
Event: 0.506 Thread 0x0000019ef17c40e0 Exception <a 'java/lang/NoSuchMethodError'{0x00000000a8664990}: 'int java.lang.invoke.DirectMethodHandle$Holder.invokeSpecial(java.lang.Object, java.lang.Object, java.lang.Object)'> (0x00000000a8664990) 
thrown [s\src\hotspot\share\interpreter\linkResolver.cpp, line 773]
Event: 0.730 Thread 0x0000019ef17c40e0 Exception <a 'java/lang/NullPointerException'{0x00000000a8345460}> (0x00000000a8345460) 
thrown [s\src\hotspot\share\interpreter\linkResolver.cpp, line 1372]
Event: 2.342 Thread 0x0000019ef17c40e0 Exception <a 'java/lang/NoSuchMethodError'{0x00000000a81e8668}: 'java.lang.Object java.lang.invoke.DirectMethodHandle$Holder.invokeSpecialIFC(java.lang.Object, java.lang.Object, java.lang.Object, java.lang.Object)'> (0x00000000a81e8668) 
thrown [s\src\hotspot\share\interpreter\linkResolver.cpp, line 773]

ZGC Phase Switch (0 events):
No events

VM Operations (10 events):
Event: 0.284 Executing VM operation: HandshakeAllThreads (Deoptimize)
Event: 0.284 Executing VM operation: HandshakeAllThreads (Deoptimize) done
Event: 0.728 Executing VM operation: HandshakeAllThreads (Deoptimize)
Event: 0.728 Executing VM operation: HandshakeAllThreads (Deoptimize) done
Event: 0.751 Executing VM operation: HandshakeAllThreads (Deoptimize)
Event: 0.751 Executing VM operation: HandshakeAllThreads (Deoptimize) done
Event: 1.757 Executing VM operation: Cleanup
Event: 1.757 Executing VM operation: Cleanup done
Event: 2.758 Executing VM operation: Cleanup
Event: 2.758 Executing VM operation: Cleanup done

Memory protections (0 events):
No events

Nmethod flushes (0 events):
No events

Events (12 events):
Event: 0.116 Thread 0x0000019ef17c40e0 Thread added: 0x0000019ef17c40e0
Event: 0.219 Thread 0x0000019ef17c40e0 Thread added: 0x0000019efecf58b0
Event: 0.220 Thread 0x0000019ef17c40e0 Thread added: 0x0000019efecf7220
Event: 0.221 Thread 0x0000019ef17c40e0 Thread added: 0x0000019efecfd430
Event: 0.221 Thread 0x0000019ef17c40e0 Thread added: 0x0000019efed00bb0
Event: 0.221 Thread 0x0000019ef17c40e0 Thread added: 0x0000019efed01600
Event: 0.222 Thread 0x0000019ef17c40e0 Thread added: 0x0000019efed02200
Event: 0.222 Thread 0x0000019ef17c40e0 Thread added: 0x0000019efed14fb0
Event: 0.222 Thread 0x0000019ef17c40e0 Thread added: 0x0000019efed19f50
Event: 0.332 Thread 0x0000019ef17c40e0 Thread added: 0x0000019efefcfe70
Event: 0.395 Thread 0x0000019ef17c40e0 Thread added: 0x0000019efef10b90
Event: 0.395 Thread 0x0000019ef17c40e0 Thread added: 0x0000019efef13200


Dynamic libraries:
0x00007ff7c6e70000 - 0x00007ff7c6e7e000 	C:\Users\mailt\.jdks\dragonwell-21.0.9\bin\java.exe
0x00007ffc78840000 - 0x00007ffc78aa7000 	C:\WINDOWS\SYSTEM32\ntdll.dll
0x00007ffc774a0000 - 0x00007ffc77569000 	C:\WINDOWS\System32\KERNEL32.DLL
0x00007ffc75ff0000 - 0x00007ffc763df000 	C:\WINDOWS\System32\KERNELBASE.dll
0x00007ffc75bc0000 - 0x00007ffc75d0b000 	C:\WINDOWS\System32\ucrtbase.dll
0x00007ffc64900000 - 0x00007ffc6491b000 	C:\Users\mailt\.jdks\dragonwell-21.0.9\bin\VCRUNTIME140.dll
0x00007ffc63d40000 - 0x00007ffc63d58000 	C:\Users\mailt\.jdks\dragonwell-21.0.9\bin\jli.dll
0x00007ffc77d20000 - 0x00007ffc77ee5000 	C:\WINDOWS\System32\USER32.dll
0x00007ffc765b0000 - 0x00007ffc765d7000 	C:\WINDOWS\System32\win32u.dll
0x00007ffc77470000 - 0x00007ffc7749b000 	C:\WINDOWS\System32\GDI32.dll
0x00007ffc76480000 - 0x00007ffc765ac000 	C:\WINDOWS\System32\gdi32full.dll
0x00007ffc75b10000 - 0x00007ffc75bb3000 	C:\WINDOWS\System32\msvcp_win.dll
0x00007ffc53cc0000 - 0x00007ffc53f53000 	C:\WINDOWS\WinSxS\amd64_microsoft.windows.common-controls_6595b64144ccf1df_6.0.26100.7309_none_3e05feeae336a044\COMCTL32.dll
0x00007ffc77c70000 - 0x00007ffc77d19000 	C:\WINDOWS\System32\msvcrt.dll
0x00007ffc76cb0000 - 0x00007ffc76ce1000 	C:\WINDOWS\System32\IMM32.DLL
0x00007ffc68a00000 - 0x00007ffc68a0c000 	C:\Users\mailt\.jdks\dragonwell-21.0.9\bin\vcruntime140_1.dll
0x00007ffc2b1b0000 - 0x00007ffc2b23e000 	C:\Users\mailt\.jdks\dragonwell-21.0.9\bin\msvcp140.dll
0x00007ffbf5b90000 - 0x00007ffbf6928000 	C:\Users\mailt\.jdks\dragonwell-21.0.9\bin\server\jvm.dll
0x00007ffc77570000 - 0x00007ffc77624000 	C:\WINDOWS\System32\ADVAPI32.dll
0x00007ffc77920000 - 0x00007ffc779c6000 	C:\WINDOWS\System32\sechost.dll
0x00007ffc78650000 - 0x00007ffc78768000 	C:\WINDOWS\System32\RPCRT4.dll
0x00007ffc76b10000 - 0x00007ffc76b84000 	C:\WINDOWS\System32\WS2_32.dll
0x00007ffc5eef0000 - 0x00007ffc5eefb000 	C:\WINDOWS\SYSTEM32\VERSION.dll
0x00007ffc6aa50000 - 0x00007ffc6aa85000 	C:\WINDOWS\SYSTEM32\WINMM.dll
0x00007ffc757f0000 - 0x00007ffc7584e000 	C:\WINDOWS\SYSTEM32\POWRPROF.dll
0x00007ffc757d0000 - 0x00007ffc757e4000 	C:\WINDOWS\SYSTEM32\UMPDC.dll
0x00007ffc74740000 - 0x00007ffc7475b000 	C:\WINDOWS\SYSTEM32\kernel.appcore.dll
0x00007ffc688e0000 - 0x00007ffc688ea000 	C:\Users\mailt\.jdks\dragonwell-21.0.9\bin\jimage.dll
0x00007ffc73170000 - 0x00007ffc733b2000 	C:\WINDOWS\SYSTEM32\DBGHELP.DLL
0x00007ffc770b0000 - 0x00007ffc77436000 	C:\WINDOWS\System32\combase.dll
0x00007ffc76fc0000 - 0x00007ffc77096000 	C:\WINDOWS\System32\OLEAUT32.dll
0x00007ffc509a0000 - 0x00007ffc509dc000 	C:\WINDOWS\SYSTEM32\dbgcore.DLL
0x00007ffc75f40000 - 0x00007ffc75fe5000 	C:\WINDOWS\System32\bcryptPrimitives.dll
0x00007ffc67500000 - 0x00007ffc6750f000 	C:\Users\mailt\.jdks\dragonwell-21.0.9\bin\instrument.dll
0x00007ffc63b80000 - 0x00007ffc63b9f000 	C:\Users\mailt\.jdks\dragonwell-21.0.9\bin\java.dll
0x00007ffc77ef0000 - 0x00007ffc78643000 	C:\WINDOWS\System32\SHELL32.dll
0x00007ffc75dd0000 - 0x00007ffc75f3a000 	C:\WINDOWS\System32\wintypes.dll
0x00007ffc73590000 - 0x00007ffc73dee000 	C:\WINDOWS\SYSTEM32\windows.storage.dll
0x00007ffc77630000 - 0x00007ffc77725000 	C:\WINDOWS\System32\SHCORE.dll
0x00007ffc76d70000 - 0x00007ffc76dd6000 	C:\WINDOWS\System32\shlwapi.dll
0x00007ffc758b0000 - 0x00007ffc758d9000 	C:\WINDOWS\SYSTEM32\profapi.dll
0x00007ffc2aac0000 - 0x00007ffc2ab97000 	C:\Users\mailt\.jdks\dragonwell-21.0.9\bin\jsvml.dll
0x00007ffc62f60000 - 0x00007ffc62f78000 	C:\Users\mailt\.jdks\dragonwell-21.0.9\bin\zip.dll
0x00007ffc68740000 - 0x00007ffc68750000 	C:\Users\mailt\.jdks\dragonwell-21.0.9\bin\net.dll
0x00007ffc6a860000 - 0x00007ffc6a988000 	C:\WINDOWS\SYSTEM32\WINHTTP.dll
0x00007ffc74cb0000 - 0x00007ffc74d1b000 	C:\WINDOWS\system32\mswsock.dll
0x00007ffc63530000 - 0x00007ffc63546000 	C:\Users\mailt\.jdks\dragonwell-21.0.9\bin\nio.dll
0x00007ffc65170000 - 0x00007ffc6518a000 	C:\Program Files\JetBrains\IntelliJ IDEA Community Edition 2024.1\bin\breakgen64.dll
0x00007ffc68240000 - 0x00007ffc68249000 	C:\Users\mailt\.jdks\dragonwell-21.0.9\bin\extnet.dll
0x0000000069ac0000 - 0x0000000069ae4000 	C:\Users\mailt\AppData\Local\Temp\jansi-2.4.0-73f85d9cf71aecd5-jansi.dll
0x00007ffc680d0000 - 0x00007ffc680e0000 	C:\Users\mailt\.jdks\dragonwell-21.0.9\bin\verify.dll

JVMTI agents:
C:\Program Files\JetBrains\IntelliJ IDEA Community Edition 2024.1\lib\idea_rt.jar path:C:\Users\mailt\.jdks\dragonwell-21.0.9\bin\instrument.dll, loaded, initialized, instrumentlib options:63692:C:\Program Files\JetBrains\IntelliJ IDEA Community Edition 2024.1\bin

dbghelp: loaded successfully - version: 4.0.5 - missing functions: none
symbol engine: initialized successfully - sym options: 0x614 - pdb path: .;C:\Users\mailt\.jdks\dragonwell-21.0.9\bin;C:\WINDOWS\SYSTEM32;C:\WINDOWS\WinSxS\amd64_microsoft.windows.common-controls_6595b64144ccf1df_6.0.26100.7309_none_3e05feeae336a044;C:\Users\mailt\.jdks\dragonwell-21.0.9\bin\server;C:\Program Files\JetBrains\IntelliJ IDEA Community Edition 2024.1\bin;C:\Users\mailt\AppData\Local\Temp

VM Arguments:
jvm_args: -Dmaven.multiModuleProjectDirectory=C:\Users\mailt\microservices -Djansi.passthrough=true -Dmaven.home=C:\Program Files\JetBrains\IntelliJ IDEA Community Edition 2024.1\plugins\maven\lib\maven3 -Dclassworlds.conf=C:\Program Files\JetBrains\IntelliJ IDEA Community Edition 2024.1\plugins\maven\lib\maven3\bin\m2.conf -Dmaven.ext.class.path=C:\Program Files\JetBrains\IntelliJ IDEA Community Edition 2024.1\plugins\maven\lib\maven-event-listener.jar -javaagent:C:\Program Files\JetBrains\IntelliJ IDEA Community Edition 2024.1\lib\idea_rt.jar=63692:C:\Program Files\JetBrains\IntelliJ IDEA Community Edition 2024.1\bin -Dfile.encoding=UTF-8 -Dsun.stdout.encoding=UTF-8 -Dsun.stderr.encoding=UTF-8 
java_command: org.codehaus.classworlds.Launcher -Didea.version=2024.1.7 install
java_class_path (initial): C:\Program Files\JetBrains\IntelliJ IDEA Community Edition 2024.1\plugins\maven\lib\maven3\boot\plexus-classworlds-2.7.0.jar;C:\Program Files\JetBrains\IntelliJ IDEA Community Edition 2024.1\plugins\maven\lib\maven3\boot\plexus-classworlds.license
Launcher Type: SUN_STANDARD

[Global flags]
     intx CICompilerCount                          = 4                                         {product} {ergonomic}
     uint ConcGCThreads                            = 2                                         {product} {ergonomic}
     uint G1ConcRefinementThreads                  = 8                                         {product} {ergonomic}
   size_t G1HeapRegionSize                         = 1048576                                   {product} {ergonomic}
    uintx GCDrainStackTargetSize                   = 64                                        {product} {ergonomic}
   size_t InitialHeapSize                          = 98566144                                  {product} {ergonomic}
   size_t MarkStackSize                            = 4194304                                   {product} {ergonomic}
   size_t MaxHeapSize                              = 1564475392                                {product} {ergonomic}
   size_t MaxNewSize                               = 938475520                                 {product} {ergonomic}
   size_t MinHeapDeltaBytes                        = 1048576                                   {product} {ergonomic}
   size_t MinHeapSize                              = 8388608                                   {product} {ergonomic}
    uintx NonNMethodCodeHeapSize                   = 5839372                                {pd product} {ergonomic}
    uintx NonProfiledCodeHeapSize                  = 122909434                              {pd product} {ergonomic}
    uintx ProfiledCodeHeapSize                     = 122909434                              {pd product} {ergonomic}
    uintx ReservedCodeCacheSize                    = 251658240                              {pd product} {ergonomic}
     bool SegmentedCodeCache                       = true                                      {product} {ergonomic}
   size_t SoftMaxHeapSize                          = 1564475392                             {manageable} {ergonomic}
     bool UseCompressedOops                        = true                           {product lp64_product} {ergonomic}
     bool UseG1GC                                  = true                                      {product} {ergonomic}
     bool UseLargePagesIndividualAllocation        = false                                  {pd product} {ergonomic}

Logging:
Log output configuration:
 #0: stdout all=warning uptime,level,tags foldmultilines=false
 #1: stderr all=off uptime,level,tags foldmultilines=false

Release file:
IMPLEMENTOR="Alibaba" 
IMPLEMENTOR_VERSION="(Alibaba Dragonwell Standard Edition)-21.0.9.0.9+10-GA" 
JAVA_RUNTIME_VERSION="21.0.9.0.9" 
JAVA_VERSION="21.0.9.0.9" 
JAVA_VERSION_DATE="2025-10-21" 
LIBC="default" 
MODULES="java.base java.compiler java.datatransfer java.xml java.prefs java.desktop java.instrument java.logging java.management java.security.sasl java.naming java.rmi java.management.rmi java.net.http java.scripting java.security.jgss java.transaction.xa java.sql java.sql.rowset java.xml.crypto java.se java.smartcardio jdk.accessibility jdk.internal.jvmstat jdk.attach jdk.charsets jdk.internal.opt jdk.zipfs jdk.compiler jdk.crypto.ec jdk.crypto.cryptoki jdk.crypto.mscapi jdk.dynalink jdk.internal.ed jdk.editpad jdk.hotspot.agent jdk.httpserver jdk.incubator.vector jdk.internal.le jdk.internal.vm.ci jdk.internal.vm.compiler jdk.internal.vm.compiler.management jdk.jartool jdk.javadoc jdk.jcmd jdk.management jdk.management.agent jdk.jconsole jdk.jdeps jdk.jdwp.agent jdk.jdi jdk.jfr jdk.jlink jdk.jpackage jdk.jshell jdk.jsobject jdk.jstatd jdk.localedata jdk.management.jfr jdk.naming.dns jdk.naming.rmi jdk.net jdk.nio.mapmode jdk.random jdk.sctp jdk.security.auth jdk.security.jgss jdk.unsupported jdk.unsupported.desktop jdk.xml.dom" 
OS_ARCH="x86_64" 
OS_NAME="Windows" 
SOURCE=".:git:54676a3a5d49+ googletest:git:f8d7d77c0693" 
BUILD_SOURCE="git:61a6db0686135fae9a0cf9367926349c386fdd2d"
BUILD_SOURCE_REPO="https://github.com/dragonwell-releng/openjdk-build.git"
SOURCE_REPO="https://github.com/dragonwell-project/dragonwell21.git"
FULL_VERSION="21.0.9.0.9"
SEMANTIC_VERSION="21.0.9.0.9+10"
BUILD_INFO="OS: Windows Server 2022 Version: 10.0"
JVM_VARIANT="Dragonwell"
JVM_VERSION="21.0.9.0.9"
IMAGE_TYPE="JDK"

Environment Variables:
PATH=C:\Program Files\jdk-21.0.10\bin;C:\WINDOWS\system32;C:\WINDOWS;C:\WINDOWS\System32\Wbem;C:\WINDOWS\System32\WindowsPowerShell\v1.0\;C:\WINDOWS\System32\OpenSSH\;C:\Program Files\Amazon\AWSCLIV2\;C:\Program Files\PuTTY\;C:\Program Files (x86)\cloudflared\;C:\Program Files\nodejs\;C:\Program Files\Git\cmd;C:\Program Files\Docker\Docker\resources\bin;C:\apache-maven-3.9.12\bin;C:\Users\mailt\AppData\Local\Programs\Python\Python313\Scripts\;C:\Users\mailt\AppData\Local\Programs\Python\Python313\;C:\Users\mailt\AppData\Local\Microsoft\WindowsApps;C:\Users\mailt\AppData\Local\Programs\Microsoft VS Code\bin;C:\Users\mailt\AppData\Roaming\npm;C:\Users\mailt\AppData\Local\Programs\Kiro\bin;C:\ProgramData\chocoportable\bin;C:\Users\mailt\AppData\Local\Microsoft\WinGet\Packages\Task.Task_Microsoft.Winget.Source_8wekyb3d8bbwe;
USERNAME=mailt
OS=Windows_NT
PROCESSOR_IDENTIFIER=AMD64 Family 23 Model 160 Stepping 0, AuthenticAMD
TMP=C:\Users\mailt\AppData\Local\Temp
TEMP=C:\Users\mailt\AppData\Local\Temp




Periodic native trim disabled

---------------  S Y S T E M  ---------------

OS:
 Windows 11 , 64 bit Build 26100 (10.0.26100.7623)
OS uptime: 1 days 9:53 hours
Hyper-V role detected

CPU: total 8 (initial active 8) (8 cores per cpu, 2 threads per core) family 23 model 160 stepping 0 microcode 0x8a00006, cx8, cmov, fxsr, ht, mmx, 3dnowpref, sse, sse2, sse3, ssse3, sse4a, sse4.1, sse4.2, popcnt, lzcnt, tsc, tscinvbit, avx, avx2, aes, clmul, bmi1, bmi2, adx, sha, fma, vzeroupper, clflush, clflushopt, hv, rdtscp, rdpid, f16c
Processor Information for the first 8 processors :
  Max Mhz: 2401, Current Mhz: 2401, Mhz Limit: 2401

Memory: 4k page, system-wide physical 5965M (489M free)
TotalPageFile size 24397M (AvailPageFile size 0M)
current process WorkingSet (physical memory assigned to process): 66M, peak: 66M
current process commit charge ("private bytes"): 187M, peak: 187M

vm_info: OpenJDK 64-Bit Server VM (21.0.9.0.9) for windows-amd64 JRE (21.0.9.0.9), built on 2025-10-21T00:00:00Z by "dragonwell" with MS VC++ 17.7 (VS2022)

END.
